<?xml version="1.0" encoding="UTF-8"?>
<testsuite xmlns:xsi="http://www.w3.org/2001/XMLSchema-instance" xsi:noNamespaceSchemaLocation="https://maven.apache.org/surefire/maven-surefire-plugin/xsd/surefire-test-report-3.0.xsd" version="3.0" name="com.example.carservice.CarServiceApplicationTest" time="1.071" tests="1" errors="0" skipped="0" failures="0">
  <properties>
[...]
</properties>
  <testcase name="contextLoads" classname="com.example.carservice.CarServiceApplicationTest" time="0.363">
    <system-out><![CDATA[13:33:12.927 [main] INFO org.springframework.test.context.support.AnnotationConfigContextLoaderUtils -- Could not detect default configuration classes for test class [com.example.carservice.CarServiceApplicationTest]: CarServiceApplicationTest does not declare any static, non-private, non-final, nested classes annotated with @Configuration.
13:33:12.959 [main] INFO org.springframework.boot.test.context.SpringBootTestContextBootstrapper -- Found @SpringBootConfiguration com.example.carservice.CarServiceApplication for test class com.example.carservice.CarServiceApplicationTest
13:33:13.003 [main] INFO org.springframework.boot.devtools.restart.RestartApplicationListener -- Restart disabled due to context in which it is running

  .   ____          _            __ _ _
 /\\ / ___'_ __ _ _(_)_ __  __ _ \ \ \ \
( ( )\___ | '_ | '_| | '_ \/ _` | \ \ \ \
 \\/  ___)| |_)| | | | | || (_| |  ) ) ) )
  '  |____| .__|_| |_|_| |_\__, | / / / /
 =========|_|==============|___/=/_/_/_/

 :: Spring Boot ::                (v3.3.2)

2025-08-30T13:33:13.072-07:00  INFO 8654 --- [car-service] [           main] c.e.c.CarServiceApplicationTest          : Starting CarServiceApplicationTest using Java 23.0.2 with PID 8654 (started by ankitrajput in /Users/ankitrajput/Desktop/GraphQL_App/federated_graphql_application/car-service)
2025-08-30T13:33:13.073-07:00  INFO 8654 --- [car-service] [           main] c.e.c.CarServiceApplicationTest          : No active profile set, falling back to 1 default profile: "default"
2025-08-30T13:33:13.385-07:00 DEBUG 8654 --- [car-service] [           main] a.s.AnnotatedControllerExceptionResolver : @GraphQlException methods in ControllerAdvice beans: none
2025-08-30T13:33:13.425-07:00  INFO 8654 --- [car-service] [           main] efaultSchemaResourceGraphQlSourceBuilder : Loaded 1 resource(s) in the GraphQL schema.
2025-08-30T13:33:13.426-07:00 DEBUG 8654 --- [car-service] [           main] efaultSchemaResourceGraphQlSourceBuilder : Loaded GraphQL schema resources: (file [/Users/ankitrajput/Desktop/GraphQL_App/federated_graphql_application/car-service/target/classes/graphql/schema.graphqls])
2025-08-30T13:33:13.508-07:00  INFO 8654 --- [car-service] [           main] o.s.b.a.g.GraphQlAutoConfiguration       : GraphQL schema inspection:
	Unmapped fields: {}
	Unmapped registrations: {}
	Unmapped arguments: {}
	Skipped types: []
2025-08-30T13:33:13.517-07:00  INFO 8654 --- [car-service] [           main] .b.a.g.r.GraphQlWebFluxAutoConfiguration : GraphQL endpoint HTTP POST /graphql
2025-08-30T13:33:13.575-07:00  INFO 8654 --- [car-service] [           main] c.e.c.CarServiceApplicationTest          : Started CarServiceApplicationTest in 0.576 seconds (process running for 0.889)
]]></system-out>
    <system-err><![CDATA[WARNING: A Java agent has been loaded dynamically (/Users/ankitrajput/.m2/repository/net/bytebuddy/byte-buddy-agent/1.14.18/byte-buddy-agent-1.14.18.jar)
WARNING: If a serviceability tool is in use, please run with -XX:+EnableDynamicAgentLoading to hide this warning
WARNING: If a serviceability tool is not in use, please run with -Djdk.instrument.traceUsage for more information
WARNING: Dynamic loading of agents will be disallowed by default in a future release
]]></system-err>
  </testcase>
</testsuite>